<?xml version="1.0" encoding="UTF-8"?>
<!-- Generated by org.testng.reporters.JUnitXMLReporter -->
<testsuite hostname="HP-PC" ignored="3" name="freeCRM App Test cases " tests="13" failures="0" timestamp="01 Jun 2018 05:49:09 GMT" time="123.685" errors="0">
  <testcase name="TestEnabled2" time="0.013" classname="TestNGFeatures.enabledConcept"/>
  <testcase name="TestEnabled4" time="0.005" classname="TestNGFeatures.enabledConcept"/>
  <testcase name="launchURL" time="8.524" classname="ParametersAnnotation.LoginTest"/>
  <testcase name="loginTest" time="5.612" classname="TestNGData.LoginTest"/>
  <testcase name="loginTest" time="6.365" classname="TestNGData.LoginTest"/>
  <testcase name="loginTest" time="6.223" classname="TestNGData.LoginTest"/>
  <testcase name="loginTest" time="6.06" classname="TestNGData.LoginTest"/>
  <testcase name="loginTest" time="5.887" classname="TestNGData.LoginTest"/>
  <testcase name="loginTest" time="10.977" classname="TestNGData.LoginTest"/>
  <testcase name="loginTest" time="6.108" classname="TestNGData.LoginTest"/>
  <testcase name="loginTest" time="6.501" classname="TestNGData.LoginTest"/>
  <testcase name="loginTest" time="5.772" classname="TestNGData.LoginTest"/>
  <testcase name="loginTest" time="7.591" classname="TestNGData.LoginTest"/>
  <testcase name="TestEnabled1" time="0.0" classname="TestNGFeatures.enabledConcept">
    <ignored/>
  </testcase> <!-- TestEnabled1 -->
  <testcase name="TestEnabled5" time="0.0" classname="TestNGFeatures.enabledConcept">
    <ignored/>
  </testcase> <!-- TestEnabled5 -->
  <testcase name="TestEnabled3" time="0.0" classname="TestNGFeatures.enabledConcept">
    <ignored/>
  </testcase> <!-- TestEnabled3 -->
</testsuite> <!-- freeCRM App Test cases  -->
