<?xml version="1.0" encoding="UTF-8"?>
<!-- Generated by org.testng.reporters.JUnitXMLReporter -->
<testsuite hostname="HP-PC" ignored="0" name="Interview Preparation TestNG" tests="4" failures="0" timestamp="16 Oct 2018 09:57:57 GMT" time="46.51" errors="0">
  <testcase name="test6" time="0.016" classname="TESTNGInterviewPreparation.TestNGAnnotations"/>
  <testcase name="titleTest" time="0.029" classname="TESTNGInterviewPreparation.TestNGAnnotations"/>
  <testcase name="logoTest" time="0.004" classname="TESTNGInterviewPreparation.TestNGAnnotations"/>
  <testcase name="Test1" time="0.001" classname="TESTNGInterviewPreparation.TestNGAnnotations"/>
</testsuite> <!-- Interview Preparation TestNG -->
