<?xml version="1.0" encoding="UTF-8"?>
<!-- Generated by org.testng.reporters.JUnitXMLReporter -->
<testsuite hostname="HP-PC" ignored="0" name="Default test" tests="16" failures="0" timestamp="01 Jun 2018 11:29:06 GMT" time="22.736" errors="0">
  <testcase name="registrationTest" time="1.219" classname="TestNGData.RegistrationTest"/>
  <testcase name="registrationTest" time="0.854" classname="TestNGData.RegistrationTest"/>
  <testcase name="registrationTest" time="0.815" classname="TestNGData.RegistrationTest"/>
  <testcase name="registrationTest" time="0.829" classname="TestNGData.RegistrationTest"/>
  <testcase name="registrationTest" time="0.834" classname="TestNGData.RegistrationTest"/>
  <testcase name="registrationTest" time="0.782" classname="TestNGData.RegistrationTest"/>
  <testcase name="registrationTest" time="0.8" classname="TestNGData.RegistrationTest"/>
  <testcase name="registrationTest" time="0.799" classname="TestNGData.RegistrationTest"/>
  <testcase name="registrationTest" time="0.78" classname="TestNGData.RegistrationTest"/>
  <testcase name="registrationTest" time="0.798" classname="TestNGData.RegistrationTest"/>
  <testcase name="registrationTest" time="0.788" classname="TestNGData.RegistrationTest"/>
  <testcase name="registrationTest" time="0.775" classname="TestNGData.RegistrationTest"/>
  <testcase name="registrationTest" time="0.802" classname="TestNGData.RegistrationTest"/>
  <testcase name="registrationTest" time="0.786" classname="TestNGData.RegistrationTest"/>
  <testcase name="registrationTest" time="0.777" classname="TestNGData.RegistrationTest"/>
  <testcase name="registrationTest" time="0.775" classname="TestNGData.RegistrationTest"/>
</testsuite> <!-- Default test -->
