<?xml version="1.0" encoding="UTF-8"?>
<testng-results skipped="0" failed="0" ignored="0" total="16" passed="16">
  <reporter-output>
  </reporter-output>
  <suite name="Default suite" duration-ms="22736" started-at="2018-06-01T11:28:43Z" finished-at="2018-06-01T11:29:06Z">
    <groups>
    </groups>
    <test name="Default test" duration-ms="22736" started-at="2018-06-01T11:28:43Z" finished-at="2018-06-01T11:29:06Z">
      <class name="TestNGData.RegistrationTest">
        <test-method status="PASS" signature="setUP()[pri:0, instance:TestNGData.RegistrationTest@5442a311]" name="setUP" is-config="true" duration-ms="8021" started-at="2018-06-01T11:28:43Z" finished-at="2018-06-01T11:28:51Z">
          <reporter-output>
          </reporter-output>
        </test-method> <!-- setUP -->
        <test-method status="PASS" signature="registrationTest(java.lang.String, java.lang.String, java.lang.String, java.lang.String, java.lang.String, java.lang.String, java.lang.String, java.lang.String)[pri:0, instance:TestNGData.RegistrationTest@5442a311]" name="registrationTest" duration-ms="1219" started-at="2018-06-01T11:28:52Z" data-provider="getLoginData" finished-at="2018-06-01T11:28:54Z">
          <params>
            <param index="0">
              <value>
                <![CDATA[Tom]]>
              </value>
            </param>
            <param index="1">
              <value>
                <![CDATA[Peter]]>
              </value>
            </param>
            <param index="2">
              <value>
                <![CDATA[12, new street]]>
              </value>
            </param>
            <param index="3">
              <value>
                <![CDATA[downtown]]>
              </value>
            </param>
            <param index="4">
              <value>
                <![CDATA[Sunnyvale]]>
              </value>
            </param>
            <param index="5">
              <value>
                <![CDATA[California]]>
              </value>
            </param>
            <param index="6">
              <value>
                <![CDATA[94085.0]]>
              </value>
            </param>
            <param index="7">
              <value>
                <![CDATA[test1@gmail.com]]>
              </value>
            </param>
          </params>
          <reporter-output>
          </reporter-output>
        </test-method> <!-- registrationTest -->
        <test-method status="PASS" signature="registrationTest(java.lang.String, java.lang.String, java.lang.String, java.lang.String, java.lang.String, java.lang.String, java.lang.String, java.lang.String)[pri:0, instance:TestNGData.RegistrationTest@5442a311]" name="registrationTest" duration-ms="854" started-at="2018-06-01T11:28:54Z" data-provider="getLoginData" finished-at="2018-06-01T11:28:54Z">
          <params>
            <param index="0">
              <value>
                <![CDATA[Reshma]]>
              </value>
            </param>
            <param index="1">
              <value>
                <![CDATA[K]]>
              </value>
            </param>
            <param index="2">
              <value>
                <![CDATA[13, new street]]>
              </value>
            </param>
            <param index="3">
              <value>
                <![CDATA[downtown]]>
              </value>
            </param>
            <param index="4">
              <value>
                <![CDATA[Sunnyvale]]>
              </value>
            </param>
            <param index="5">
              <value>
                <![CDATA[California]]>
              </value>
            </param>
            <param index="6">
              <value>
                <![CDATA[94086.0]]>
              </value>
            </param>
            <param index="7">
              <value>
                <![CDATA[test2@gmail.com]]>
              </value>
            </param>
          </params>
          <reporter-output>
          </reporter-output>
        </test-method> <!-- registrationTest -->
        <test-method status="PASS" signature="registrationTest(java.lang.String, java.lang.String, java.lang.String, java.lang.String, java.lang.String, java.lang.String, java.lang.String, java.lang.String)[pri:0, instance:TestNGData.RegistrationTest@5442a311]" name="registrationTest" duration-ms="815" started-at="2018-06-01T11:28:54Z" data-provider="getLoginData" finished-at="2018-06-01T11:28:55Z">
          <params>
            <param index="0">
              <value>
                <![CDATA[Anirudh]]>
              </value>
            </param>
            <param index="1">
              <value>
                <![CDATA[D]]>
              </value>
            </param>
            <param index="2">
              <value>
                <![CDATA[14, new street]]>
              </value>
            </param>
            <param index="3">
              <value>
                <![CDATA[downtown]]>
              </value>
            </param>
            <param index="4">
              <value>
                <![CDATA[Sunnyvale]]>
              </value>
            </param>
            <param index="5">
              <value>
                <![CDATA[California]]>
              </value>
            </param>
            <param index="6">
              <value>
                <![CDATA[94087.0]]>
              </value>
            </param>
            <param index="7">
              <value>
                <![CDATA[test3@gmail.com]]>
              </value>
            </param>
          </params>
          <reporter-output>
          </reporter-output>
        </test-method> <!-- registrationTest -->
        <test-method status="PASS" signature="registrationTest(java.lang.String, java.lang.String, java.lang.String, java.lang.String, java.lang.String, java.lang.String, java.lang.String, java.lang.String)[pri:0, instance:TestNGData.RegistrationTest@5442a311]" name="registrationTest" duration-ms="829" started-at="2018-06-01T11:28:55Z" data-provider="getLoginData" finished-at="2018-06-01T11:28:56Z">
          <params>
            <param index="0">
              <value>
                <![CDATA[Amreen]]>
              </value>
            </param>
            <param index="1">
              <value>
                <![CDATA[T]]>
              </value>
            </param>
            <param index="2">
              <value>
                <![CDATA[15, new street]]>
              </value>
            </param>
            <param index="3">
              <value>
                <![CDATA[downtown]]>
              </value>
            </param>
            <param index="4">
              <value>
                <![CDATA[Sunnyvale]]>
              </value>
            </param>
            <param index="5">
              <value>
                <![CDATA[California]]>
              </value>
            </param>
            <param index="6">
              <value>
                <![CDATA[94088.0]]>
              </value>
            </param>
            <param index="7">
              <value>
                <![CDATA[test4@gmail.com]]>
              </value>
            </param>
          </params>
          <reporter-output>
          </reporter-output>
        </test-method> <!-- registrationTest -->
        <test-method status="PASS" signature="registrationTest(java.lang.String, java.lang.String, java.lang.String, java.lang.String, java.lang.String, java.lang.String, java.lang.String, java.lang.String)[pri:0, instance:TestNGData.RegistrationTest@5442a311]" name="registrationTest" duration-ms="834" started-at="2018-06-01T11:28:56Z" data-provider="getLoginData" finished-at="2018-06-01T11:28:57Z">
          <params>
            <param index="0">
              <value>
                <![CDATA[Tom]]>
              </value>
            </param>
            <param index="1">
              <value>
                <![CDATA[Peter]]>
              </value>
            </param>
            <param index="2">
              <value>
                <![CDATA[12, new street]]>
              </value>
            </param>
            <param index="3">
              <value>
                <![CDATA[downtown]]>
              </value>
            </param>
            <param index="4">
              <value>
                <![CDATA[Sunnyvale]]>
              </value>
            </param>
            <param index="5">
              <value>
                <![CDATA[California]]>
              </value>
            </param>
            <param index="6">
              <value>
                <![CDATA[94085.0]]>
              </value>
            </param>
            <param index="7">
              <value>
                <![CDATA[test1@gmail.com]]>
              </value>
            </param>
          </params>
          <reporter-output>
          </reporter-output>
        </test-method> <!-- registrationTest -->
        <test-method status="PASS" signature="registrationTest(java.lang.String, java.lang.String, java.lang.String, java.lang.String, java.lang.String, java.lang.String, java.lang.String, java.lang.String)[pri:0, instance:TestNGData.RegistrationTest@5442a311]" name="registrationTest" duration-ms="782" started-at="2018-06-01T11:28:57Z" data-provider="getLoginData" finished-at="2018-06-01T11:28:58Z">
          <params>
            <param index="0">
              <value>
                <![CDATA[Reshma]]>
              </value>
            </param>
            <param index="1">
              <value>
                <![CDATA[K]]>
              </value>
            </param>
            <param index="2">
              <value>
                <![CDATA[13, new street]]>
              </value>
            </param>
            <param index="3">
              <value>
                <![CDATA[downtown]]>
              </value>
            </param>
            <param index="4">
              <value>
                <![CDATA[Sunnyvale]]>
              </value>
            </param>
            <param index="5">
              <value>
                <![CDATA[California]]>
              </value>
            </param>
            <param index="6">
              <value>
                <![CDATA[94086.0]]>
              </value>
            </param>
            <param index="7">
              <value>
                <![CDATA[test2@gmail.com]]>
              </value>
            </param>
          </params>
          <reporter-output>
          </reporter-output>
        </test-method> <!-- registrationTest -->
        <test-method status="PASS" signature="registrationTest(java.lang.String, java.lang.String, java.lang.String, java.lang.String, java.lang.String, java.lang.String, java.lang.String, java.lang.String)[pri:0, instance:TestNGData.RegistrationTest@5442a311]" name="registrationTest" duration-ms="800" started-at="2018-06-01T11:28:58Z" data-provider="getLoginData" finished-at="2018-06-01T11:28:58Z">
          <params>
            <param index="0">
              <value>
                <![CDATA[Anirudh]]>
              </value>
            </param>
            <param index="1">
              <value>
                <![CDATA[D]]>
              </value>
            </param>
            <param index="2">
              <value>
                <![CDATA[14, new street]]>
              </value>
            </param>
            <param index="3">
              <value>
                <![CDATA[downtown]]>
              </value>
            </param>
            <param index="4">
              <value>
                <![CDATA[Sunnyvale]]>
              </value>
            </param>
            <param index="5">
              <value>
                <![CDATA[California]]>
              </value>
            </param>
            <param index="6">
              <value>
                <![CDATA[94087.0]]>
              </value>
            </param>
            <param index="7">
              <value>
                <![CDATA[test3@gmail.com]]>
              </value>
            </param>
          </params>
          <reporter-output>
          </reporter-output>
        </test-method> <!-- registrationTest -->
        <test-method status="PASS" signature="registrationTest(java.lang.String, java.lang.String, java.lang.String, java.lang.String, java.lang.String, java.lang.String, java.lang.String, java.lang.String)[pri:0, instance:TestNGData.RegistrationTest@5442a311]" name="registrationTest" duration-ms="799" started-at="2018-06-01T11:28:58Z" data-provider="getLoginData" finished-at="2018-06-01T11:28:59Z">
          <params>
            <param index="0">
              <value>
                <![CDATA[Amreen]]>
              </value>
            </param>
            <param index="1">
              <value>
                <![CDATA[T]]>
              </value>
            </param>
            <param index="2">
              <value>
                <![CDATA[15, new street]]>
              </value>
            </param>
            <param index="3">
              <value>
                <![CDATA[downtown]]>
              </value>
            </param>
            <param index="4">
              <value>
                <![CDATA[Sunnyvale]]>
              </value>
            </param>
            <param index="5">
              <value>
                <![CDATA[California]]>
              </value>
            </param>
            <param index="6">
              <value>
                <![CDATA[94088.0]]>
              </value>
            </param>
            <param index="7">
              <value>
                <![CDATA[test4@gmail.com]]>
              </value>
            </param>
          </params>
          <reporter-output>
          </reporter-output>
        </test-method> <!-- registrationTest -->
        <test-method status="PASS" signature="registrationTest(java.lang.String, java.lang.String, java.lang.String, java.lang.String, java.lang.String, java.lang.String, java.lang.String, java.lang.String)[pri:0, instance:TestNGData.RegistrationTest@5442a311]" name="registrationTest" duration-ms="780" started-at="2018-06-01T11:28:59Z" data-provider="getLoginData" finished-at="2018-06-01T11:29:00Z">
          <params>
            <param index="0">
              <value>
                <![CDATA[Tom]]>
              </value>
            </param>
            <param index="1">
              <value>
                <![CDATA[Peter]]>
              </value>
            </param>
            <param index="2">
              <value>
                <![CDATA[12, new street]]>
              </value>
            </param>
            <param index="3">
              <value>
                <![CDATA[downtown]]>
              </value>
            </param>
            <param index="4">
              <value>
                <![CDATA[Sunnyvale]]>
              </value>
            </param>
            <param index="5">
              <value>
                <![CDATA[California]]>
              </value>
            </param>
            <param index="6">
              <value>
                <![CDATA[94085.0]]>
              </value>
            </param>
            <param index="7">
              <value>
                <![CDATA[test1@gmail.com]]>
              </value>
            </param>
          </params>
          <reporter-output>
          </reporter-output>
        </test-method> <!-- registrationTest -->
        <test-method status="PASS" signature="registrationTest(java.lang.String, java.lang.String, java.lang.String, java.lang.String, java.lang.String, java.lang.String, java.lang.String, java.lang.String)[pri:0, instance:TestNGData.RegistrationTest@5442a311]" name="registrationTest" duration-ms="798" started-at="2018-06-01T11:29:00Z" data-provider="getLoginData" finished-at="2018-06-01T11:29:01Z">
          <params>
            <param index="0">
              <value>
                <![CDATA[Reshma]]>
              </value>
            </param>
            <param index="1">
              <value>
                <![CDATA[K]]>
              </value>
            </param>
            <param index="2">
              <value>
                <![CDATA[13, new street]]>
              </value>
            </param>
            <param index="3">
              <value>
                <![CDATA[downtown]]>
              </value>
            </param>
            <param index="4">
              <value>
                <![CDATA[Sunnyvale]]>
              </value>
            </param>
            <param index="5">
              <value>
                <![CDATA[California]]>
              </value>
            </param>
            <param index="6">
              <value>
                <![CDATA[94086.0]]>
              </value>
            </param>
            <param index="7">
              <value>
                <![CDATA[test2@gmail.com]]>
              </value>
            </param>
          </params>
          <reporter-output>
          </reporter-output>
        </test-method> <!-- registrationTest -->
        <test-method status="PASS" signature="registrationTest(java.lang.String, java.lang.String, java.lang.String, java.lang.String, java.lang.String, java.lang.String, java.lang.String, java.lang.String)[pri:0, instance:TestNGData.RegistrationTest@5442a311]" name="registrationTest" duration-ms="788" started-at="2018-06-01T11:29:01Z" data-provider="getLoginData" finished-at="2018-06-01T11:29:02Z">
          <params>
            <param index="0">
              <value>
                <![CDATA[Anirudh]]>
              </value>
            </param>
            <param index="1">
              <value>
                <![CDATA[D]]>
              </value>
            </param>
            <param index="2">
              <value>
                <![CDATA[14, new street]]>
              </value>
            </param>
            <param index="3">
              <value>
                <![CDATA[downtown]]>
              </value>
            </param>
            <param index="4">
              <value>
                <![CDATA[Sunnyvale]]>
              </value>
            </param>
            <param index="5">
              <value>
                <![CDATA[California]]>
              </value>
            </param>
            <param index="6">
              <value>
                <![CDATA[94087.0]]>
              </value>
            </param>
            <param index="7">
              <value>
                <![CDATA[test3@gmail.com]]>
              </value>
            </param>
          </params>
          <reporter-output>
          </reporter-output>
        </test-method> <!-- registrationTest -->
        <test-method status="PASS" signature="registrationTest(java.lang.String, java.lang.String, java.lang.String, java.lang.String, java.lang.String, java.lang.String, java.lang.String, java.lang.String)[pri:0, instance:TestNGData.RegistrationTest@5442a311]" name="registrationTest" duration-ms="775" started-at="2018-06-01T11:29:02Z" data-provider="getLoginData" finished-at="2018-06-01T11:29:02Z">
          <params>
            <param index="0">
              <value>
                <![CDATA[Amreen]]>
              </value>
            </param>
            <param index="1">
              <value>
                <![CDATA[T]]>
              </value>
            </param>
            <param index="2">
              <value>
                <![CDATA[15, new street]]>
              </value>
            </param>
            <param index="3">
              <value>
                <![CDATA[downtown]]>
              </value>
            </param>
            <param index="4">
              <value>
                <![CDATA[Sunnyvale]]>
              </value>
            </param>
            <param index="5">
              <value>
                <![CDATA[California]]>
              </value>
            </param>
            <param index="6">
              <value>
                <![CDATA[94088.0]]>
              </value>
            </param>
            <param index="7">
              <value>
                <![CDATA[test4@gmail.com]]>
              </value>
            </param>
          </params>
          <reporter-output>
          </reporter-output>
        </test-method> <!-- registrationTest -->
        <test-method status="PASS" signature="registrationTest(java.lang.String, java.lang.String, java.lang.String, java.lang.String, java.lang.String, java.lang.String, java.lang.String, java.lang.String)[pri:0, instance:TestNGData.RegistrationTest@5442a311]" name="registrationTest" duration-ms="802" started-at="2018-06-01T11:29:02Z" data-provider="getLoginData" finished-at="2018-06-01T11:29:03Z">
          <params>
            <param index="0">
              <value>
                <![CDATA[Tom]]>
              </value>
            </param>
            <param index="1">
              <value>
                <![CDATA[Peter]]>
              </value>
            </param>
            <param index="2">
              <value>
                <![CDATA[12, new street]]>
              </value>
            </param>
            <param index="3">
              <value>
                <![CDATA[downtown]]>
              </value>
            </param>
            <param index="4">
              <value>
                <![CDATA[Sunnyvale]]>
              </value>
            </param>
            <param index="5">
              <value>
                <![CDATA[California]]>
              </value>
            </param>
            <param index="6">
              <value>
                <![CDATA[94085.0]]>
              </value>
            </param>
            <param index="7">
              <value>
                <![CDATA[test1@gmail.com]]>
              </value>
            </param>
          </params>
          <reporter-output>
          </reporter-output>
        </test-method> <!-- registrationTest -->
        <test-method status="PASS" signature="registrationTest(java.lang.String, java.lang.String, java.lang.String, java.lang.String, java.lang.String, java.lang.String, java.lang.String, java.lang.String)[pri:0, instance:TestNGData.RegistrationTest@5442a311]" name="registrationTest" duration-ms="786" started-at="2018-06-01T11:29:03Z" data-provider="getLoginData" finished-at="2018-06-01T11:29:04Z">
          <params>
            <param index="0">
              <value>
                <![CDATA[Reshma]]>
              </value>
            </param>
            <param index="1">
              <value>
                <![CDATA[K]]>
              </value>
            </param>
            <param index="2">
              <value>
                <![CDATA[13, new street]]>
              </value>
            </param>
            <param index="3">
              <value>
                <![CDATA[downtown]]>
              </value>
            </param>
            <param index="4">
              <value>
                <![CDATA[Sunnyvale]]>
              </value>
            </param>
            <param index="5">
              <value>
                <![CDATA[California]]>
              </value>
            </param>
            <param index="6">
              <value>
                <![CDATA[94086.0]]>
              </value>
            </param>
            <param index="7">
              <value>
                <![CDATA[test2@gmail.com]]>
              </value>
            </param>
          </params>
          <reporter-output>
          </reporter-output>
        </test-method> <!-- registrationTest -->
        <test-method status="PASS" signature="registrationTest(java.lang.String, java.lang.String, java.lang.String, java.lang.String, java.lang.String, java.lang.String, java.lang.String, java.lang.String)[pri:0, instance:TestNGData.RegistrationTest@5442a311]" name="registrationTest" duration-ms="777" started-at="2018-06-01T11:29:04Z" data-provider="getLoginData" finished-at="2018-06-01T11:29:05Z">
          <params>
            <param index="0">
              <value>
                <![CDATA[Anirudh]]>
              </value>
            </param>
            <param index="1">
              <value>
                <![CDATA[D]]>
              </value>
            </param>
            <param index="2">
              <value>
                <![CDATA[14, new street]]>
              </value>
            </param>
            <param index="3">
              <value>
                <![CDATA[downtown]]>
              </value>
            </param>
            <param index="4">
              <value>
                <![CDATA[Sunnyvale]]>
              </value>
            </param>
            <param index="5">
              <value>
                <![CDATA[California]]>
              </value>
            </param>
            <param index="6">
              <value>
                <![CDATA[94087.0]]>
              </value>
            </param>
            <param index="7">
              <value>
                <![CDATA[test3@gmail.com]]>
              </value>
            </param>
          </params>
          <reporter-output>
          </reporter-output>
        </test-method> <!-- registrationTest -->
        <test-method status="PASS" signature="registrationTest(java.lang.String, java.lang.String, java.lang.String, java.lang.String, java.lang.String, java.lang.String, java.lang.String, java.lang.String)[pri:0, instance:TestNGData.RegistrationTest@5442a311]" name="registrationTest" duration-ms="775" started-at="2018-06-01T11:29:05Z" data-provider="getLoginData" finished-at="2018-06-01T11:29:06Z">
          <params>
            <param index="0">
              <value>
                <![CDATA[Amreen]]>
              </value>
            </param>
            <param index="1">
              <value>
                <![CDATA[T]]>
              </value>
            </param>
            <param index="2">
              <value>
                <![CDATA[15, new street]]>
              </value>
            </param>
            <param index="3">
              <value>
                <![CDATA[downtown]]>
              </value>
            </param>
            <param index="4">
              <value>
                <![CDATA[Sunnyvale]]>
              </value>
            </param>
            <param index="5">
              <value>
                <![CDATA[California]]>
              </value>
            </param>
            <param index="6">
              <value>
                <![CDATA[94088.0]]>
              </value>
            </param>
            <param index="7">
              <value>
                <![CDATA[test4@gmail.com]]>
              </value>
            </param>
          </params>
          <reporter-output>
          </reporter-output>
        </test-method> <!-- registrationTest -->
        <test-method status="PASS" signature="tearDown()[pri:0, instance:TestNGData.RegistrationTest@5442a311]" name="tearDown" is-config="true" duration-ms="616" started-at="2018-06-01T11:29:06Z" finished-at="2018-06-01T11:29:06Z">
          <reporter-output>
          </reporter-output>
        </test-method> <!-- tearDown -->
      </class> <!-- TestNGData.RegistrationTest -->
    </test> <!-- Default test -->
  </suite> <!-- Default suite -->
</testng-results>
