<?xml version="1.0" encoding="UTF-8"?>
<!-- Generated by org.testng.reporters.JUnitXMLReporter -->
<testsuite hostname="HP-PC" ignored="3" name="Yahoo App Test" tests="8" failures="1" timestamp="31 May 2018 05:28:18 GMT" time="54.741" errors="0">
  <testcase name="TestEnabled2" time="0.021" classname="TestNGFeatures.enabledConcept"/>
  <testcase name="TestEnabled4" time="0.008" classname="TestNGFeatures.enabledConcept"/>
  <testcase name="repetedTestCase" time="0.004" classname="TestNGFeatures.inovcationCountFeatures"/>
  <testcase name="repetedTestCase" time="0.002" classname="TestNGFeatures.inovcationCountFeatures"/>
  <testcase name="repetedTestCase" time="0.002" classname="TestNGFeatures.inovcationCountFeatures"/>
  <testcase name="repetedTestCase" time="0.005" classname="TestNGFeatures.inovcationCountFeatures"/>
  <testcase name="repetedTestCase" time="0.007" classname="TestNGFeatures.inovcationCountFeatures"/>
  <testcase name="repetedTestCase1" time="0.072" classname="TestNGFeatures.inovcationCountFeatures">
    <failure type="org.testng.internal.thread.ThreadTimeoutException" message="Method TestNGFeatures.inovcationCountFeatures.repetedTestCase1() didn&amp;apos;t finish within the time-out 10">
      <![CDATA[org.testng.internal.thread.ThreadTimeoutException: Method TestNGFeatures.inovcationCountFeatures.repetedTestCase1() didn't finish within the time-out 10
]]>
    </failure>
  </testcase> <!-- repetedTestCase1 -->
  <testcase name="TestEnabled1" time="0.0" classname="TestNGFeatures.enabledConcept">
    <ignored/>
  </testcase> <!-- TestEnabled1 -->
  <testcase name="TestEnabled5" time="0.0" classname="TestNGFeatures.enabledConcept">
    <ignored/>
  </testcase> <!-- TestEnabled5 -->
  <testcase name="TestEnabled3" time="0.0" classname="TestNGFeatures.enabledConcept">
    <ignored/>
  </testcase> <!-- TestEnabled3 -->
</testsuite> <!-- Yahoo App Test -->
